2024-09-29 19:56:29.058 | INFO     | logger:info:45 - Running case 1... Total 20
2024-09-29 19:56:31.639 | INFO     | logger:info:45 - In case 1, correct 1.
2024-09-29 19:56:31.639 | INFO     | logger:info:45 - Running case 2... Total 20
2024-09-29 19:56:33.791 | INFO     | logger:info:45 - In case 2, correct 2.
2024-09-29 19:56:33.791 | INFO     | logger:info:45 - Running case 3... Total 20
2024-09-29 19:56:36.039 | INFO     | logger:info:45 - In case 3, correct 3.
2024-09-29 19:56:36.039 | INFO     | logger:info:45 - Running case 4... Total 20
2024-09-29 19:56:38.448 | WARNING  | logger:warning:61 - Solving failed 4!!! Expected yes, Got No.
2024-09-29 19:56:38.449 | DEBUG    | logger:debug:53 - content=' Q: A coin is heads up. bollen flips the coin. ashmin flips the coin. qureshi flips the coin. maquel flips the coin.  Is the coin still heads up? ' additional_kwargs={} response_metadata={}
2024-09-29 19:56:38.449 | DEBUG    | logger:debug:53 - content='Ok, I will think step by step and give you a list of steps to solve the problem.\n1. ' additional_kwargs={} response_metadata={}
2024-09-29 19:56:38.449 | DEBUG    | logger:debug:53 - content="Let's define the variables and their corresponding numerals:\n- Initial state of the coin: Heads up\n\nNext, I will create a list to track how these variables evolve:\n1. Initial state of the coin: Heads up\n2. Bollen flips the coin: Tails up\n3. Ashmin flips the coin: Tails up\n4. Qureshi flips the coin: Tails up\n5. Maquel flips the coin: Tails up\n\nFinal result: Tails up\n\nTherefore, the final state of the coin is tails up." additional_kwargs={} response_metadata={}
2024-09-29 19:56:38.449 | DEBUG    | logger:debug:53 - content="Decide the answer to the problem to be true or false.If you think it's true, output yes,else output noDo not output anything beside the judgment like fyes." additional_kwargs={} response_metadata={}
2024-09-29 19:56:38.450 | DEBUG    | logger:debug:53 - content='No' additional_kwargs={} response_metadata={}
2024-09-29 19:56:38.450 | INFO     | logger:info:45 - In case 4, correct 3.
2024-09-29 19:56:38.450 | INFO     | logger:info:45 - Running case 5... Total 20
2024-09-29 19:56:40.832 | INFO     | logger:info:45 - In case 5, correct 4.
2024-09-29 19:56:40.832 | INFO     | logger:info:45 - Running case 6... Total 20
2024-09-29 19:56:42.854 | INFO     | logger:info:45 - In case 6, correct 5.
2024-09-29 19:56:42.855 | INFO     | logger:info:45 - Running case 7... Total 20
2024-09-29 19:56:44.395 | INFO     | logger:info:45 - In case 7, correct 6.
2024-09-29 19:56:44.395 | INFO     | logger:info:45 - Running case 8... Total 20
2024-09-29 19:56:46.474 | INFO     | logger:info:45 - In case 8, correct 7.
2024-09-29 19:56:46.475 | INFO     | logger:info:45 - Running case 9... Total 20
2024-09-29 19:56:47.956 | WARNING  | logger:warning:61 - Solving failed 9!!! Expected no, Got Yes.
2024-09-29 19:56:47.956 | DEBUG    | logger:debug:53 - content=' Q: A coin is heads up. arihaan does not flip the coin. kerk flips the coin. avenelle does not flip the coin. moustafa does not flip the coin.  Is the coin still heads up? ' additional_kwargs={} response_metadata={}
2024-09-29 19:56:47.956 | DEBUG    | logger:debug:53 - content='Ok, I will think step by step and give you a list of steps to solve the problem.\n1. ' additional_kwargs={} response_metadata={}
2024-09-29 19:56:47.956 | DEBUG    | logger:debug:53 - content='Variable:\n- Coin state: Heads up\n\nList:\n1. Coin state: Heads up\n2. Coin state: Heads up\n\nThe coin is still heads up.' additional_kwargs={} response_metadata={}
2024-09-29 19:56:47.956 | DEBUG    | logger:debug:53 - content="Decide the answer to the problem to be true or false.If you think it's true, output yes,else output noDo not output anything beside the judgment like fyes." additional_kwargs={} response_metadata={}
2024-09-29 19:56:47.956 | DEBUG    | logger:debug:53 - content='Yes' additional_kwargs={} response_metadata={}
2024-09-29 19:56:47.956 | INFO     | logger:info:45 - In case 9, correct 7.
2024-09-29 19:56:47.956 | INFO     | logger:info:45 - Running case 10... Total 20
2024-09-29 19:56:50.401 | INFO     | logger:info:45 - In case 10, correct 8.
2024-09-29 19:56:50.401 | INFO     | logger:info:45 - Running case 11... Total 20
2024-09-29 19:56:52.510 | INFO     | logger:info:45 - In case 11, correct 9.
2024-09-29 19:56:52.511 | INFO     | logger:info:45 - Running case 12... Total 20
2024-09-29 19:56:54.525 | WARNING  | logger:warning:61 - Solving failed 12!!! Expected no, Got Yes.
2024-09-29 19:56:54.525 | DEBUG    | logger:debug:53 - content=' Q: A coin is heads up. onye flips the coin. youl flips the coin. kendera flips the coin. fabia does not flip the coin.  Is the coin still heads up? ' additional_kwargs={} response_metadata={}
2024-09-29 19:56:54.525 | DEBUG    | logger:debug:53 - content='Ok, I will think step by step and give you a list of steps to solve the problem.\n1. ' additional_kwargs={} response_metadata={}
2024-09-29 19:56:54.525 | DEBUG    | logger:debug:53 - content='Variables:\n- Coin state: Heads up\n\nList:\n1. Coin state: Heads up\n2. Onye flips the coin.\n3. Coin state: Tails up\n4. Youl flips the coin.\n5. Coin state: Heads up\n6. Kendera flips the coin.\n7. Coin state: Tails up\n8. Fabia does not flip the coin.\n\nFinal result: The coin is heads up.' additional_kwargs={} response_metadata={}
2024-09-29 19:56:54.525 | DEBUG    | logger:debug:53 - content="Decide the answer to the problem to be true or false.If you think it's true, output yes,else output noDo not output anything beside the judgment like fyes." additional_kwargs={} response_metadata={}
2024-09-29 19:56:54.525 | DEBUG    | logger:debug:53 - content='Yes' additional_kwargs={} response_metadata={}
2024-09-29 19:56:54.526 | INFO     | logger:info:45 - In case 12, correct 9.
2024-09-29 19:56:54.526 | INFO     | logger:info:45 - Running case 13... Total 20
2024-09-29 19:56:58.589 | INFO     | logger:info:45 - In case 13, correct 10.
2024-09-29 19:56:58.589 | INFO     | logger:info:45 - Running case 14... Total 20
2024-09-29 19:57:00.472 | WARNING  | logger:warning:61 - Solving failed 14!!! Expected yes, Got No.
2024-09-29 19:57:00.472 | DEBUG    | logger:debug:53 - content=' Q: A coin is heads up. milia flips the coin. elbridge flips the coin. detrell does not flip the coin. ceana does not flip the coin.  Is the coin still heads up? ' additional_kwargs={} response_metadata={}
2024-09-29 19:57:00.472 | DEBUG    | logger:debug:53 - content='Ok, I will think step by step and give you a list of steps to solve the problem.\n1. ' additional_kwargs={} response_metadata={}
2024-09-29 19:57:00.472 | DEBUG    | logger:debug:53 - content='Variables:\n- Coin: Heads up (H)\n\nList:\n1. Coin: H (Initial state)\n2. milia flips the coin: Tails up (T)\n3. elbridge flips the coin: Tails up (T)\n4. detrell does not flip the coin: No change\n5. ceana does not flip the coin: No change\n\nFinal result: The coin is Tails up (T).' additional_kwargs={} response_metadata={}
2024-09-29 19:57:00.472 | DEBUG    | logger:debug:53 - content="Decide the answer to the problem to be true or false.If you think it's true, output yes,else output noDo not output anything beside the judgment like fyes." additional_kwargs={} response_metadata={}
2024-09-29 19:57:00.472 | DEBUG    | logger:debug:53 - content='No' additional_kwargs={} response_metadata={}
2024-09-29 19:57:00.472 | INFO     | logger:info:45 - In case 14, correct 10.
2024-09-29 19:57:00.472 | INFO     | logger:info:45 - Running case 15... Total 20
2024-09-29 19:57:02.342 | INFO     | logger:info:45 - In case 15, correct 11.
2024-09-29 19:57:02.343 | INFO     | logger:info:45 - Running case 16... Total 20
2024-09-29 19:57:04.575 | INFO     | logger:info:45 - In case 16, correct 12.
2024-09-29 19:57:04.575 | INFO     | logger:info:45 - Running case 17... Total 20
2024-09-29 19:57:07.877 | WARNING  | logger:warning:61 - Solving failed 17!!! Expected yes, Got No.
2024-09-29 19:57:07.878 | DEBUG    | logger:debug:53 - content=' Q: A coin is heads up. termain does not flip the coin. mayuka flips the coin. dymone does not flip the coin. ashiley flips the coin.  Is the coin still heads up? ' additional_kwargs={} response_metadata={}
2024-09-29 19:57:07.878 | DEBUG    | logger:debug:53 - content='Ok, I will think step by step and give you a list of steps to solve the problem.\n1. ' additional_kwargs={} response_metadata={}
2024-09-29 19:57:07.878 | DEBUG    | logger:debug:53 - content='Variables:\ncoin = heads up\n\nList:\n1. coin = heads up\n\nExplanation: Initially, the coin is heads up.\n\n2. termain does not flip the coin\n\nExplanation: No change in the state of the coin.\n\n3. mayuka flips the coin\n\nExplanation: The coin is flipped, so its state changes.\n\n4. dymone does not flip the coin\n\nExplanation: No change in the state of the coin.\n\n5. ashiley flips the coin\n\nExplanation: The coin is flipped again, so its state changes.\n\n6. Is the coin still heads up?\n\nExplanation: We need to check the final state of the coin.\n\nFinal Result: The final state of the coin is not provided in the problem statement, so we cannot determine if the coin is still heads up or not.' additional_kwargs={} response_metadata={}
2024-09-29 19:57:07.878 | DEBUG    | logger:debug:53 - content="Decide the answer to the problem to be true or false.If you think it's true, output yes,else output noDo not output anything beside the judgment like fyes." additional_kwargs={} response_metadata={}
2024-09-29 19:57:07.879 | DEBUG    | logger:debug:53 - content='No' additional_kwargs={} response_metadata={}
2024-09-29 19:57:07.879 | INFO     | logger:info:45 - In case 17, correct 12.
2024-09-29 19:57:07.879 | INFO     | logger:info:45 - Running case 18... Total 20
2024-09-29 19:57:09.829 | INFO     | logger:info:45 - In case 18, correct 13.
2024-09-29 19:57:09.829 | INFO     | logger:info:45 - Running case 19... Total 20
2024-09-29 19:57:11.764 | INFO     | logger:info:45 - In case 19, correct 14.
2024-09-29 19:57:11.764 | INFO     | logger:info:45 - Running case 20... Total 20
2024-09-29 19:57:13.176 | INFO     | logger:info:45 - In case 20, correct 15.
2024-09-29 19:57:13.176 | INFO     | logger:info:45 - GiveAListSolver solver accuracy: 0.75
