2024-09-29 19:40:12.380 | INFO     | logger:info:45 - Running case 1... Total 20
2024-09-29 19:40:14.396 | INFO     | logger:info:45 - In case 1, correct 1.
2024-09-29 19:40:14.396 | INFO     | logger:info:45 - Running case 2... Total 20
2024-09-29 19:40:17.646 | INFO     | logger:info:45 - In case 2, correct 2.
2024-09-29 19:40:17.646 | INFO     | logger:info:45 - Running case 3... Total 20
2024-09-29 19:40:20.162 | WARNING  | logger:warning:61 - Solving failed 3!!! Expected yes, Got No.
2024-09-29 19:40:20.162 | DEBUG    | logger:debug:53 - content=' Q: A coin is heads up. prosperus flips the coin. jaileah does not flip the coin. mihalco does not flip the coin. kiaralee flips the coin.  Is the coin still heads up? ' additional_kwargs={} response_metadata={}
2024-09-29 19:40:20.162 | DEBUG    | logger:debug:53 - content="Let's think step by step." additional_kwargs={} response_metadata={}
2024-09-29 19:40:20.162 | DEBUG    | logger:debug:53 - content="1. Initially, the coin is heads up.\n2. prosperus flips the coin. The result of the flip is unknown.\n3. jaileah does not flip the coin. The coin remains in the same position as after prosperus flipped it.\n4. mihalco does not flip the coin. The coin remains in the same position as after prosperus flipped it.\n5. kiaralee flips the coin. The result of this flip will determine whether the coin is still heads up or not.\n\nTherefore, based on the information given, we cannot definitively say whether the coin is still heads up. It depends on the result of kiaralee's flip." additional_kwargs={} response_metadata={}
2024-09-29 19:40:20.162 | DEBUG    | logger:debug:53 - content="Decide the answer to the problem to be true or false.If you think it's true, output yes,else output noDo not output anything beside the judgment like fyes." additional_kwargs={} response_metadata={}
2024-09-29 19:40:20.162 | DEBUG    | logger:debug:53 - content='No' additional_kwargs={} response_metadata={}
2024-09-29 19:40:20.162 | INFO     | logger:info:45 - In case 3, correct 2.
2024-09-29 19:40:20.162 | INFO     | logger:info:45 - Running case 4... Total 20
2024-09-29 19:40:23.183 | WARNING  | logger:warning:61 - Solving failed 4!!! Expected yes, Got No.
2024-09-29 19:40:23.183 | DEBUG    | logger:debug:53 - content=' Q: A coin is heads up. bollen flips the coin. ashmin flips the coin. qureshi flips the coin. maquel flips the coin.  Is the coin still heads up? ' additional_kwargs={} response_metadata={}
2024-09-29 19:40:23.184 | DEBUG    | logger:debug:53 - content="Let's think step by step." additional_kwargs={} response_metadata={}
2024-09-29 19:40:23.184 | DEBUG    | logger:debug:53 - content='After Bollen flips the coin, there is a chance it could be heads up or tails up. So, it could be either heads up or tails up after Bollen flips it.\n\nAfter Ashmin flips the coin, there is a chance it could be heads up or tails up. So, it could be either heads up or tails up after Ashmin flips it.\n\nAfter Qureshi flips the coin, there is a chance it could be heads up or tails up. So, it could be either heads up or tails up after Qureshi flips it.\n\nAfter Maquel flips the coin, there is a chance it could be heads up or tails up. So, it could be either heads up or tails up after Maquel flips it.\n\nSo, after all four individuals have flipped the coin, the coin could be either heads up or tails up. It is not guaranteed to still be heads up.' additional_kwargs={} response_metadata={}
2024-09-29 19:40:23.184 | DEBUG    | logger:debug:53 - content="Decide the answer to the problem to be true or false.If you think it's true, output yes,else output noDo not output anything beside the judgment like fyes." additional_kwargs={} response_metadata={}
2024-09-29 19:40:23.184 | DEBUG    | logger:debug:53 - content='No' additional_kwargs={} response_metadata={}
2024-09-29 19:40:23.184 | INFO     | logger:info:45 - In case 4, correct 2.
2024-09-29 19:40:23.184 | INFO     | logger:info:45 - Running case 5... Total 20
2024-09-29 19:40:25.539 | INFO     | logger:info:45 - In case 5, correct 3.
2024-09-29 19:40:25.539 | INFO     | logger:info:45 - Running case 6... Total 20
2024-09-29 19:40:27.716 | WARNING  | logger:warning:61 - Solving failed 6!!! Expected yes, Got No.
2024-09-29 19:40:27.716 | DEBUG    | logger:debug:53 - content=' Q: A coin is heads up. motonobu does not flip the coin. nichlaus flips the coin. erissa flips the coin. marliegh does not flip the coin.  Is the coin still heads up? ' additional_kwargs={} response_metadata={}
2024-09-29 19:40:27.717 | DEBUG    | logger:debug:53 - content="Let's think step by step." additional_kwargs={} response_metadata={}
2024-09-29 19:40:27.717 | DEBUG    | logger:debug:53 - content="Initially, the coin is heads up. \nMotonobu does not flip the coin, so it remains heads up.\nNichlaus flips the coin - it could potentially change to tails.\nErissa flips the coin - it could potentially change back to heads.\nMarliegh does not flip the coin, so it remains whatever side it was last flipped to.\n\nTherefore, after all the actions have been taken, we cannot definitively say if the coin is still heads up without knowing the results of Nichlaus and Erissa's flips." additional_kwargs={} response_metadata={}
2024-09-29 19:40:27.717 | DEBUG    | logger:debug:53 - content="Decide the answer to the problem to be true or false.If you think it's true, output yes,else output noDo not output anything beside the judgment like fyes." additional_kwargs={} response_metadata={}
2024-09-29 19:40:27.717 | DEBUG    | logger:debug:53 - content='No' additional_kwargs={} response_metadata={}
2024-09-29 19:40:27.717 | INFO     | logger:info:45 - In case 6, correct 3.
2024-09-29 19:40:27.717 | INFO     | logger:info:45 - Running case 7... Total 20
2024-09-29 19:40:29.266 | INFO     | logger:info:45 - In case 7, correct 4.
2024-09-29 19:40:29.266 | INFO     | logger:info:45 - Running case 8... Total 20
2024-09-29 19:40:30.788 | INFO     | logger:info:45 - In case 8, correct 5.
2024-09-29 19:40:30.789 | INFO     | logger:info:45 - Running case 9... Total 20
2024-09-29 19:40:33.975 | INFO     | logger:info:45 - In case 9, correct 6.
2024-09-29 19:40:33.975 | INFO     | logger:info:45 - Running case 10... Total 20
2024-09-29 19:40:36.009 | INFO     | logger:info:45 - In case 10, correct 7.
2024-09-29 19:40:36.009 | INFO     | logger:info:45 - Running case 11... Total 20
2024-09-29 19:40:38.345 | WARNING  | logger:warning:61 - Solving failed 11!!! Expected no, Got yes.
2024-09-29 19:40:38.345 | DEBUG    | logger:debug:53 - content=' Q: A coin is heads up. mikelyn flips the coin. izzy-mae flips the coin. ashleyanne flips the coin. hjalmar does not flip the coin.  Is the coin still heads up? ' additional_kwargs={} response_metadata={}
2024-09-29 19:40:38.346 | DEBUG    | logger:debug:53 - content="Let's think step by step." additional_kwargs={} response_metadata={}
2024-09-29 19:40:38.346 | DEBUG    | logger:debug:53 - content='1. Initially, the coin is heads up.\n2. Mikelyn flips the coin. The outcome of the flip could be either heads or tails.\n3. Izzy-mae flips the coin. The outcome of the flip could be either heads or tails.\n4. Ashleyanne flips the coin. The outcome of the flip could be either heads or tails.\n5. Hjalmar does not flip the coin.\n\nSince Hjalmar did not flip the coin, the initial state of the coin (heads up) remains unchanged. So, yes, the coin is still heads up.' additional_kwargs={} response_metadata={}
2024-09-29 19:40:38.346 | DEBUG    | logger:debug:53 - content="Decide the answer to the problem to be true or false.If you think it's true, output yes,else output noDo not output anything beside the judgment like fyes." additional_kwargs={} response_metadata={}
2024-09-29 19:40:38.346 | DEBUG    | logger:debug:53 - content='yes' additional_kwargs={} response_metadata={}
2024-09-29 19:40:38.346 | INFO     | logger:info:45 - In case 11, correct 7.
2024-09-29 19:40:38.346 | INFO     | logger:info:45 - Running case 12... Total 20
2024-09-29 19:40:40.291 | INFO     | logger:info:45 - In case 12, correct 8.
2024-09-29 19:40:40.291 | INFO     | logger:info:45 - Running case 13... Total 20
2024-09-29 19:40:44.390 | WARNING  | logger:warning:61 - Solving failed 13!!! Expected yes, Got no.
2024-09-29 19:40:44.390 | DEBUG    | logger:debug:53 - content=' Q: A coin is heads up. loujean does not flip the coin. annielee flips the coin. khylar flips the coin. avanita does not flip the coin.  Is the coin still heads up? ' additional_kwargs={} response_metadata={}
2024-09-29 19:40:44.391 | DEBUG    | logger:debug:53 - content="Let's think step by step." additional_kwargs={} response_metadata={}
2024-09-29 19:40:44.391 | DEBUG    | logger:debug:53 - content='1. The coin is initially heads up.\n2. Loujean does not flip the coin, so it remains heads up.\n3. Annielee flips the coin, changing the side facing up.\n4. Khylar flips the coin, potentially changing the side facing up again.\n5. Avanita does not flip the coin, so it remains in its current state.\n\nTherefore, since both Annielee and Khylar flipped the coin after it was initially heads up, the coin may or may not still be heads up depending on the outcomes of their flips. The final state of the coin cannot be determined with the information provided.' additional_kwargs={} response_metadata={}
2024-09-29 19:40:44.391 | DEBUG    | logger:debug:53 - content="Decide the answer to the problem to be true or false.If you think it's true, output yes,else output noDo not output anything beside the judgment like fyes." additional_kwargs={} response_metadata={}
2024-09-29 19:40:44.391 | DEBUG    | logger:debug:53 - content='no' additional_kwargs={} response_metadata={}
2024-09-29 19:40:44.391 | INFO     | logger:info:45 - In case 13, correct 8.
2024-09-29 19:40:44.391 | INFO     | logger:info:45 - Running case 14... Total 20
2024-09-29 19:40:46.798 | WARNING  | logger:warning:61 - Solving failed 14!!! Expected yes, Got No.
2024-09-29 19:40:46.798 | DEBUG    | logger:debug:53 - content=' Q: A coin is heads up. milia flips the coin. elbridge flips the coin. detrell does not flip the coin. ceana does not flip the coin.  Is the coin still heads up? ' additional_kwargs={} response_metadata={}
2024-09-29 19:40:46.798 | DEBUG    | logger:debug:53 - content="Let's think step by step." additional_kwargs={} response_metadata={}
2024-09-29 19:40:46.798 | DEBUG    | logger:debug:53 - content="1. Initially, the coin is heads up.\n2. Milia flips the coin - the outcome could be heads or tails.\n3. Elbridge flips the coin - the outcome could be heads or tails.\n4. Detrell does not flip the coin - the coin's state remains the same as the last flip.\n5. Ceana does not flip the coin - the coin's state remains the same as the last flip.\n\nTherefore, the coin could be heads up, tails up, or either, depending on the outcomes of Milia and Elbridge's flips." additional_kwargs={} response_metadata={}
2024-09-29 19:40:46.798 | DEBUG    | logger:debug:53 - content="Decide the answer to the problem to be true or false.If you think it's true, output yes,else output noDo not output anything beside the judgment like fyes." additional_kwargs={} response_metadata={}
2024-09-29 19:40:46.798 | DEBUG    | logger:debug:53 - content='No' additional_kwargs={} response_metadata={}
2024-09-29 19:40:46.799 | INFO     | logger:info:45 - In case 14, correct 8.
2024-09-29 19:40:46.799 | INFO     | logger:info:45 - Running case 15... Total 20
2024-09-29 19:40:49.077 | WARNING  | logger:warning:61 - Solving failed 15!!! Expected yes, Got No.
2024-09-29 19:40:49.077 | DEBUG    | logger:debug:53 - content=' Q: A coin is heads up. mayers flips the coin. floriţa flips the coin. lucil does not flip the coin. lenford does not flip the coin.  Is the coin still heads up? ' additional_kwargs={} response_metadata={}
2024-09-29 19:40:49.078 | DEBUG    | logger:debug:53 - content="Let's think step by step." additional_kwargs={} response_metadata={}
2024-09-29 19:40:49.078 | DEBUG    | logger:debug:53 - content="When Mayers flips the coin, there is a chance it could change from heads to tails or remain heads up. \n\nWhen Floriţa flips the coin, there is again a chance it could change from heads to tails or remain heads up.\n\nSince Lucil and Lenford did not flip the coin, the state of the coin remains uncertain. It could be heads up, tails up, or even land on its side.\n\nSo, in conclusion, we cannot definitively say that the coin is still heads up without knowing the outcomes of Mayers and Floriţa's flips." additional_kwargs={} response_metadata={}
2024-09-29 19:40:49.078 | DEBUG    | logger:debug:53 - content="Decide the answer to the problem to be true or false.If you think it's true, output yes,else output noDo not output anything beside the judgment like fyes." additional_kwargs={} response_metadata={}
2024-09-29 19:40:49.078 | DEBUG    | logger:debug:53 - content='No' additional_kwargs={} response_metadata={}
2024-09-29 19:40:49.078 | INFO     | logger:info:45 - In case 15, correct 8.
2024-09-29 19:40:49.079 | INFO     | logger:info:45 - Running case 16... Total 20
2024-09-29 19:40:51.454 | WARNING  | logger:warning:61 - Solving failed 16!!! Expected no, Got Yes.
2024-09-29 19:40:51.454 | DEBUG    | logger:debug:53 - content=' Q: A coin is heads up. levane flips the coin. makira does not flip the coin. hla does not flip the coin. ellia does not flip the coin.  Is the coin still heads up? ' additional_kwargs={} response_metadata={}
2024-09-29 19:40:51.455 | DEBUG    | logger:debug:53 - content="Let's think step by step." additional_kwargs={} response_metadata={}
2024-09-29 19:40:51.455 | DEBUG    | logger:debug:53 - content='1. Initially, the coin is heads up.\n2. Levane flips the coin, but we do not know the result of the flip.\n3. Makira, Hla, and Ellia do not flip the coin, so we can assume that the result of the initial flip (heads up) remains the same.\n\nTherefore, yes, the coin is still heads up.' additional_kwargs={} response_metadata={}
2024-09-29 19:40:51.455 | DEBUG    | logger:debug:53 - content="Decide the answer to the problem to be true or false.If you think it's true, output yes,else output noDo not output anything beside the judgment like fyes." additional_kwargs={} response_metadata={}
2024-09-29 19:40:51.455 | DEBUG    | logger:debug:53 - content='Yes' additional_kwargs={} response_metadata={}
2024-09-29 19:40:51.455 | INFO     | logger:info:45 - In case 16, correct 8.
2024-09-29 19:40:51.455 | INFO     | logger:info:45 - Running case 17... Total 20
2024-09-29 19:40:54.857 | WARNING  | logger:warning:61 - Solving failed 17!!! Expected yes, Got No.
2024-09-29 19:40:54.857 | DEBUG    | logger:debug:53 - content=' Q: A coin is heads up. termain does not flip the coin. mayuka flips the coin. dymone does not flip the coin. ashiley flips the coin.  Is the coin still heads up? ' additional_kwargs={} response_metadata={}
2024-09-29 19:40:54.858 | DEBUG    | logger:debug:53 - content="Let's think step by step." additional_kwargs={} response_metadata={}
2024-09-29 19:40:54.858 | DEBUG    | logger:debug:53 - content='Initially, the coin is heads up. \n\nTermain does not flip the coin, so the state of the coin does not change. It is still heads up. \n\nMayuka flips the coin. The outcome of the flip is unknown, but it could result in either heads or tails. \n\nDymone does not flip the coin, so the state of the coin does not change. It is still in the same state as when Mayuka flipped it. \n\nLastly, Ashiley flips the coin. Again, the outcome is unknown, but it could be heads or tails. \n\nTherefore, based on the information given, we cannot determine with certainty whether the coin is still heads up or if it has changed to tails.' additional_kwargs={} response_metadata={}
2024-09-29 19:40:54.858 | DEBUG    | logger:debug:53 - content="Decide the answer to the problem to be true or false.If you think it's true, output yes,else output noDo not output anything beside the judgment like fyes." additional_kwargs={} response_metadata={}
2024-09-29 19:40:54.858 | DEBUG    | logger:debug:53 - content='No' additional_kwargs={} response_metadata={}
2024-09-29 19:40:54.858 | INFO     | logger:info:45 - In case 17, correct 8.
2024-09-29 19:40:54.858 | INFO     | logger:info:45 - Running case 18... Total 20
2024-09-29 19:40:57.396 | INFO     | logger:info:45 - In case 18, correct 9.
2024-09-29 19:40:57.396 | INFO     | logger:info:45 - Running case 19... Total 20
2024-09-29 19:40:59.923 | INFO     | logger:info:45 - In case 19, correct 10.
2024-09-29 19:40:59.923 | INFO     | logger:info:45 - Running case 20... Total 20
2024-09-29 19:41:01.990 | INFO     | logger:info:45 - In case 20, correct 11.
2024-09-29 19:41:01.990 | INFO     | logger:info:45 - ZSCoTSolver solver accuracy: 0.55
